-73099.00000 1.39492 3.43953 14.68775
-71010.65487 4.17945 4.05767 14.68775
-68922.30973 6.91976 3.81185 14.68775
-66833.96460 9.60328 171.11152 100.22375
-64745.61947 12.21772 49.05578 100.22375
-62657.27434 14.75108 60.90593 100.22375
-60568.92920 17.19176 50.08172 100.22375
-58480.58407 19.52856 -78.66077 59.61575
-56392.23894 21.75077 -66.81062 59.61575
-54303.89381 23.84820 0.33554 59.61575
-52215.54867 25.81124 28.29359 19.87175
-50127.20354 27.63089 26.95198 19.87175
-48038.85841 29.29880 17.12499 59.61575
-45950.51327 30.80732 37.41653 30.23975
-43862.16814 32.14955 30.15453 5.18375
-41773.82301 33.31932 -28.98045 100.22375
-39685.47788 34.31128 -72.03960 100.22375
-37597.13274 35.12088 31.66267 2.59175
-35508.78761 35.74440 27.09681 2.59175
-33420.44248 36.17898 21.56902 4.31975
-31332.09735 36.42265 20.43192 5.18375
-29243.75221 36.47427 23.41029 5.18375
-27155.40708 36.33360 14.34126 5.18375
-25067.06195 36.00131 14.68566 5.18375
-22978.71681 35.47890 4.07179 5.18375
-20890.37168 34.76878 16.78595 5.18375
-18802.02655 33.87420 23.71200 5.18375
-16713.68142 32.79925 18.28218 5.18375
-14625.33628 31.54888 3.34832 5.18375
-12536.99115 30.12881 21.24648 5.18375
-10448.64602 28.54555 -44.02853 5.18375
-8360.30088 26.80636 -41.92820 5.18375
-6271.95575 24.91921 -51.42390 0.86375
-4183.61062 22.89276 -55.74389 5.18375
-2095.26549 20.73630 -51.66977 1.72775
-6.92035 18.45971 -28.01244 0.86375
2081.42478 16.07343 -26.53029 0.86375
4169.76991 13.58840 -24.64770 1.72775
6258.11504 11.01601 -26.45288 1.72775
8346.46018 8.36806 -25.44834 1.72775
10434.80531 5.65668 -25.04790 1.72775
12523.15044 2.89432 -26.15773 0.86375
14611.49558 0.09362 -27.26760 0.86375
16699.84071 -2.73256 -27.51343 0.86375
18788.18584 -5.57128 -26.03772 1.72775
20876.53097 -8.40951 -25.41958 0.86375
22964.87611 -11.23425 -24.54153 1.72775
25053.22124 -14.03254 -28.24338 0.86375
27141.56637 -16.79156 -26.97889 2.59175
29229.91150 -19.49866 -27.22476 0.86375
31318.25664 -22.14142 -26.60662 2.59175
33406.60177 -24.70773 -23.39645 1.72775
35494.94690 -27.18582 -26.22026 0.86375
37583.29204 -29.56434 -26.46612 2.59175
39671.63717 -31.83237 -27.07014 0.86375
41759.98230 -33.97953 -26.69786 0.86375
43848.32743 -35.99596 -26.07972 0.86375
45936.67257 -37.87243 -25.46158 2.59175
48025.01770 -39.60032 -26.06560 0.86375
50113.36283 -41.17172 -27.17547 0.86375
52201.70796 -42.57942 -27.42134 1.72775
54290.05310 -43.81698 -27.72940 3.45575
56378.39823 -44.87871 -26.24725 3.45575
58466.74336 -45.75974 -26.86455 1.72775
60555.08850 -46.45605 -24.93267 1.72775
62643.43363 -46.96443 -26.54800 2.59175
64731.77876 -47.28256 -23.70532 1.72775
66820.12389 -47.40897 -23.36741 1.72775
68908.46903 -47.34310 -25.34124 1.72775
70996.81416 -47.08523 -22.98101 2.59175
73085.15929 -46.63656 -23.70448 1.72775
75173.50442 -45.99913 -24.41387 1.72775
77261.84956 -45.17587 -24.65973 1.72775
79350.19469 -44.17056 -24.89148 1.72775
81438.53982 -42.98781 -23.40933 2.59175
83526.88496 -41.63303 -22.77715 2.59175
85615.23009 -40.11244 -23.07052 0.86375
87703.57522 -38.43301 -23.31639 0.86375
89791.92035 -36.60244 -21.82020 0.86375
91880.26549 -34.62912 -19.47404 1.72775
93968.61062 -32.52210 -21.66554 1.72775
96056.95575 -30.29104 -21.27918 0.86375
98145.30088 -27.94616 -24.11703 1.72775
100233.64602 -25.49822 -22.63492 0.86375
102321.99115 -22.95844 -22.33977 1.72775
104410.33628 -20.33847 -22.07166 0.86375
106498.68142 -17.65031 -21.45351 1.72775
108587.02655 -14.90629 -22.40873 1.72775
110675.37168 -12.11899 -19.86065 1.72775
112763.71681 -9.30118 5.60814 2.59175
114852.06195 -6.46580 5.13222 2.59175
116940.40708 -3.62583 9.33393 0.86375
119028.75221 -0.79430 16.86307 2.59175
121117.09735 2.01582 18.85103 3.45575
123205.44248 4.79163 31.13960 1.72775
125293.78761 7.52042 29.16572 1.72775
127382.13274 10.18967 31.88621 2.59175
129470.47788 12.78714 32.87663 2.59175
131558.82301 15.30093 32.94084 3.45575
133647.16814 17.71951 35.24229 1.72775
135735.51327 20.03180 36.20688 2.59175
137823.85841 22.22719 38.51655 4.31975
139912.20354 24.29562 36.90231 3.45575
142000.54867 26.22760 40.78280 3.45575
144088.89381 28.01428 38.62003 3.45575
146177.23894 29.64746 40.72032 2.59175
148265.58407 31.11967 36.66023 4.31975
150353.92920 32.42414 43.32638 3.45575
152442.27434 33.55490 41.26129 2.59175
154530.61947 34.50677 41.63357 3.45575
156618.96460 35.27537 42.72960 3.45575
158707.30973 35.85720 38.50906 2.59175
160795.65487 36.24957 37.79320 4.31975
162884.00000 36.45070 39.72507 3.45575
